# JRE version: OpenJDK Runtime Environment Corretto-23.0.2.7.1 (23.0.2+7) (build 23.0.2+7-FR)
# Java VM: OpenJDK 64-Bit Server VM Corretto-23.0.2.7.1 (23.0.2+7-FR, mixed mode, sharing, tiered, compressed oops, compressed class ptrs, g1 gc, windows-amd64)
GC Precious Log:
 CardTable entry size: 512
 Card Set container configuration: InlinePtr #cards 4 size 8 Array Of Cards #cards 16 size 48 Howl #buckets 8 coarsen threshold 3686 Howl Bitmap #cards 512 size 80 coarsen threshold 460 Card regions per heap region 1 cards per card region 4096
 CPUs: 4 total, 4 available
 Memory: 16037M
 Large Page Support: Disabled
 NUMA Support: Disabled
 Compressed Oops: Enabled (Zero based)
 Heap Region Size: 2M
 Heap Min Capacity: 8M
 Heap Initial Capacity: 252M
 Heap Max Capacity: 4010M
 Pre-touch: Disabled
 Parallel Workers: 4
 Concurrent Workers: 1
 Concurrent Refinement Workers: 4
 Periodic GC: Disabled
Heap:
 garbage-first heap   total reserved 4106240K, committed 69632K, used 44702K [0x0000000705600000, 0x0000000800000000)
  region size 2048K, 5 young (10240K), 2 survivors (4096K)
 Metaspace       used 56299K, committed 57088K, reserved 1114112K
  class space    used 7138K, committed 7424K, reserved 1048576K
GC Heap History (20 events):
Event: 32.915 GC heap before
{Heap before GC invocations=8 (full 0):
 garbage-first heap   total reserved 4106240K, committed 61440K, used 46957K [0x0000000705600000, 0x0000000800000000)
  region size 2048K, 8 young (16384K), 2 survivors (4096K)
 Metaspace       used 28861K, committed 29248K, reserved 1114112K
  class space    used 4006K, committed 4160K, reserved 1048576K
}
Event: 32.922 GC heap after
{Heap after GC invocations=9 (full 0):
 garbage-first heap   total reserved 4106240K, committed 61440K, used 39268K [0x0000000705600000, 0x0000000800000000)
  region size 2048K, 1 young (2048K), 1 survivors (2048K)
 Metaspace       used 28861K, committed 29248K, reserved 1114112K
  class space    used 4006K, committed 4160K, reserved 1048576K
}
Event: 47.960 GC heap before
{Heap before GC invocations=10 (full 0):
 garbage-first heap   total reserved 4106240K, committed 61440K, used 49508K [0x0000000705600000, 0x0000000800000000)
  region size 2048K, 7 young (14336K), 1 survivors (2048K)
 Metaspace       used 29084K, committed 29504K, reserved 1114112K
  class space    used 4015K, committed 4224K, reserved 1048576K
}
Event: 47.965 GC heap after
{Heap after GC invocations=11 (full 0):
 garbage-first heap   total reserved 4106240K, committed 61440K, used 36086K [0x0000000705600000, 0x0000000800000000)
  region size 2048K, 1 young (2048K), 1 survivors (2048K)
 Metaspace       used 29084K, committed 29504K, reserved 1114112K
  class space    used 4015K, committed 4224K, reserved 1048576K
}
Event: 67.433 GC heap before
{Heap before GC invocations=11 (full 0):
 garbage-first heap   total reserved 4106240K, committed 61440K, used 50422K [0x0000000705600000, 0x0000000800000000)
  region size 2048K, 8 young (16384K), 1 survivors (2048K)
 Metaspace       used 35216K, committed 35712K, reserved 1114112K
  class space    used 4740K, committed 4992K, reserved 1048576K
}
Event: 67.441 GC heap after
{Heap after GC invocations=12 (full 0):
 garbage-first heap   total reserved 4106240K, committed 61440K, used 33840K [0x0000000705600000, 0x0000000800000000)
  region size 2048K, 1 young (2048K), 1 survivors (2048K)
 Metaspace       used 35216K, committed 35712K, reserved 1114112K
  class space    used 4740K, committed 4992K, reserved 1048576K
}
Event: 84.033 GC heap before
{Heap before GC invocations=12 (full 0):
 garbage-first heap   total reserved 4106240K, committed 61440K, used 48176K [0x0000000705600000, 0x0000000800000000)
  region size 2048K, 9 young (18432K), 1 survivors (2048K)
 Metaspace       used 38676K, committed 39104K, reserved 1114112K
  class space    used 5281K, committed 5504K, reserved 1048576K
}
Event: 84.039 GC heap after
{Heap after GC invocations=13 (full 0):
 garbage-first heap   total reserved 4106240K, committed 61440K, used 34855K [0x0000000705600000, 0x0000000800000000)
  region size 2048K, 2 young (4096K), 2 survivors (4096K)
 Metaspace       used 38676K, committed 39104K, reserved 1114112K
  class space    used 5281K, committed 5504K, reserved 1048576K
}
Event: 84.651 GC heap before
{Heap before GC invocations=14 (full 0):
 garbage-first heap   total reserved 4106240K, committed 61440K, used 49191K [0x0000000705600000, 0x0000000800000000)
  region size 2048K, 10 young (20480K), 2 survivors (4096K)
 Metaspace       used 41898K, committed 42432K, reserved 1114112K
  class space    used 5649K, committed 5888K, reserved 1048576K
}
Event: 84.660 GC heap after
{Heap after GC invocations=15 (full 0):
 garbage-first heap   total reserved 4106240K, committed 61440K, used 36994K [0x0000000705600000, 0x0000000800000000)
  region size 2048K, 2 young (4096K), 2 survivors (4096K)
 Metaspace       used 41898K, committed 42432K, reserved 1114112K
  class space    used 5649K, committed 5888K, reserved 1048576K
}
Event: 84.932 GC heap before
{Heap before GC invocations=15 (full 0):
 garbage-first heap   total reserved 4106240K, committed 61440K, used 49282K [0x0000000705600000, 0x0000000800000000)
  region size 2048K, 9 young (18432K), 2 survivors (4096K)
 Metaspace       used 42664K, committed 43136K, reserved 1114112K
  class space    used 5722K, committed 5952K, reserved 1048576K
}
Event: 84.938 GC heap after
{Heap after GC invocations=16 (full 0):
 garbage-first heap   total reserved 4106240K, committed 61440K, used 35373K [0x0000000705600000, 0x0000000800000000)
  region size 2048K, 1 young (2048K), 1 survivors (2048K)
 Metaspace       used 42664K, committed 43136K, reserved 1114112K
  class space    used 5722K, committed 5952K, reserved 1048576K
}
Event: 85.458 GC heap before
{Heap before GC invocations=16 (full 0):
 garbage-first heap   total reserved 4106240K, committed 61440K, used 51757K [0x0000000705600000, 0x0000000800000000)
  region size 2048K, 9 young (18432K), 1 survivors (2048K)
 Metaspace       used 46357K, committed 46784K, reserved 1114112K
  class space    used 6040K, committed 6272K, reserved 1048576K
}
Event: 85.463 GC heap after
{Heap after GC invocations=17 (full 0):
 garbage-first heap   total reserved 4106240K, committed 61440K, used 36143K [0x0000000705600000, 0x0000000800000000)
  region size 2048K, 2 young (4096K), 2 survivors (4096K)
 Metaspace       used 46357K, committed 46784K, reserved 1114112K
  class space    used 6040K, committed 6272K, reserved 1048576K
}
Event: 87.052 GC heap before
{Heap before GC invocations=18 (full 0):
 garbage-first heap   total reserved 4106240K, committed 65536K, used 48431K [0x0000000705600000, 0x0000000800000000)
  region size 2048K, 8 young (16384K), 2 survivors (4096K)
 Metaspace       used 48451K, committed 48896K, reserved 1114112K
  class space    used 6197K, committed 6400K, reserved 1048576K
}
Event: 87.058 GC heap after
{Heap after GC invocations=19 (full 0):
 garbage-first heap   total reserved 4106240K, committed 65536K, used 36813K [0x0000000705600000, 0x0000000800000000)
  region size 2048K, 1 young (2048K), 1 survivors (2048K)
 Metaspace       used 48451K, committed 48896K, reserved 1114112K
  class space    used 6197K, committed 6400K, reserved 1048576K
}
Event: 88.920 GC heap before
{Heap before GC invocations=19 (full 0):
 garbage-first heap   total reserved 4106240K, committed 65536K, used 55245K [0x0000000705600000, 0x0000000800000000)
  region size 2048K, 10 young (20480K), 1 survivors (2048K)
 Metaspace       used 53011K, committed 53824K, reserved 1114112K
  class space    used 6845K, committed 7168K, reserved 1048576K
}
Event: 88.935 GC heap after
{Heap after GC invocations=20 (full 0):
 garbage-first heap   total reserved 4106240K, committed 65536K, used 38177K [0x0000000705600000, 0x0000000800000000)
  region size 2048K, 2 young (4096K), 2 survivors (4096K)
 Metaspace       used 53011K, committed 53824K, reserved 1114112K
  class space    used 6845K, committed 7168K, reserved 1048576K
}
Event: 89.989 GC heap before
{Heap before GC invocations=20 (full 0):
 garbage-first heap   total reserved 4106240K, committed 65536K, used 52513K [0x0000000705600000, 0x0000000800000000)
  region size 2048K, 9 young (18432K), 2 survivors (4096K)
 Metaspace       used 55617K, committed 56448K, reserved 1114112K
  class space    used 7087K, committed 7424K, reserved 1048576K
}
Event: 89.999 GC heap after
{Heap after GC invocations=21 (full 0):
 garbage-first heap   total reserved 4106240K, committed 65536K, used 40606K [0x0000000705600000, 0x0000000800000000)
  region size 2048K, 2 young (4096K), 2 survivors (4096K)
 Metaspace       used 55617K, committed 56448K, reserved 1114112K
  class space    used 7087K, committed 7424K, reserved 1048576K
}

