# JRE version: OpenJDK Runtime Environment Corretto-23.0.2.7.1 (23.0.2+7) (build 23.0.2+7-FR)
# Java VM: OpenJDK 64-Bit Server VM Corretto-23.0.2.7.1 (23.0.2+7-FR, mixed mode, sharing, tiered, compressed oops, compressed class ptrs, g1 gc, windows-amd64)
GC Precious Log:
 CardTable entry size: 512
 Card Set container configuration: InlinePtr #cards 4 size 8 Array Of Cards #cards 16 size 48 Howl #buckets 8 coarsen threshold 3686 Howl Bitmap #cards 512 size 80 coarsen threshold 460 Card regions per heap region 1 cards per card region 4096
 CPUs: 4 total, 4 available
 Memory: 16037M
 Large Page Support: Disabled
 NUMA Support: Disabled
 Compressed Oops: Enabled (Zero based)
 Heap Region Size: 2M
 Heap Min Capacity: 8M
 Heap Initial Capacity: 252M
 Heap Max Capacity: 4010M
 Pre-touch: Disabled
 Parallel Workers: 4
 Concurrent Workers: 1
 Concurrent Refinement Workers: 4
 Periodic GC: Disabled
Heap:
 garbage-first heap   total reserved 4106240K, committed 258048K, used 35655K [0x0000000705600000, 0x0000000800000000)
  region size 2048K, 17 young (34816K), 2 survivors (4096K)
 Metaspace       used 15895K, committed 16256K, reserved 1114112K
  class space    used 2476K, committed 2688K, reserved 1048576K
GC Heap History (6 events):
Event: 1.832 GC heap before
{Heap before GC invocations=0 (full 0):
 garbage-first heap   total reserved 4106240K, committed 258048K, used 14336K [0x0000000705600000, 0x0000000800000000)
  region size 2048K, 7 young (14336K), 0 survivors (0K)
 Metaspace       used 1035K, committed 1216K, reserved 1114112K
  class space    used 81K, committed 192K, reserved 1048576K
}
Event: 1.836 GC heap after
{Heap after GC invocations=1 (full 0):
 garbage-first heap   total reserved 4106240K, committed 258048K, used 1535K [0x0000000705600000, 0x0000000800000000)
  region size 2048K, 1 young (2048K), 1 survivors (2048K)
 Metaspace       used 1035K, committed 1216K, reserved 1114112K
  class space    used 81K, committed 192K, reserved 1048576K
}
Event: 4.370 GC heap before
{Heap before GC invocations=1 (full 0):
 garbage-first heap   total reserved 4106240K, committed 258048K, used 13823K [0x0000000705600000, 0x0000000800000000)
  region size 2048K, 8 young (16384K), 1 survivors (2048K)
 Metaspace       used 4930K, committed 5184K, reserved 1114112K
  class space    used 553K, committed 640K, reserved 1048576K
}
Event: 4.377 GC heap after
{Heap after GC invocations=2 (full 0):
 garbage-first heap   total reserved 4106240K, committed 258048K, used 3463K [0x0000000705600000, 0x0000000800000000)
  region size 2048K, 1 young (2048K), 1 survivors (2048K)
 Metaspace       used 4930K, committed 5184K, reserved 1114112K
  class space    used 553K, committed 640K, reserved 1048576K
}
Event: 6.675 GC heap before
{Heap before GC invocations=2 (full 0):
 garbage-first heap   total reserved 4106240K, committed 258048K, used 30087K [0x0000000705600000, 0x0000000800000000)
  region size 2048K, 15 young (30720K), 1 survivors (2048K)
 Metaspace       used 10919K, committed 11200K, reserved 1114112K
  class space    used 1540K, committed 1664K, reserved 1048576K
}
Event: 6.684 GC heap after
{Heap after GC invocations=3 (full 0):
 garbage-first heap   total reserved 4106240K, committed 258048K, used 6983K [0x0000000705600000, 0x0000000800000000)
  region size 2048K, 2 young (4096K), 2 survivors (4096K)
 Metaspace       used 10919K, committed 11200K, reserved 1114112K
  class space    used 1540K, committed 1664K, reserved 1048576K
}

